<?xml version="1.0" encoding="UTF-8"?>
<!-- Generated by org.testng.reporters.JUnitReportReporter -->
<testsuite hostname="DESKTOP-034FGJU" failures="0" tests="1" name="TestCases.VerifyLogin" time="6.058" errors="0" timestamp="2022-11-03T06:21:46 IST" skipped="0">
  <testcase classname="TestCases.VerifyLogin" name="login" time="6.058"/>
  <system-out/>
</testsuite> <!-- TestCases.VerifyLogin -->
