<?xml version="1.0" encoding="UTF-8"?>
<!-- Generated by org.testng.reporters.JUnitReportReporter -->
<testsuite hostname="DESKTOP-034FGJU" failures="0" tests="1" name="TestCases.verifySignup" time="11.861" errors="0" timestamp="2022-11-03T23:18:32 IST" skipped="0">
  <testcase classname="TestCases.verifySignup" name="signup" time="11.861"/>
  <system-out/>
</testsuite> <!-- TestCases.verifySignup -->
