<?xml version="1.0" encoding="UTF-8"?>
<!-- Generated by org.testng.reporters.JUnitReportReporter -->
<testsuite hostname="DESKTOP-034FGJU" failures="0" tests="1" name="TestCases.VeryfyLogin" time="5.362" errors="0" timestamp="2022-11-03T22:07:11 IST" skipped="0">
  <testcase classname="TestCases.VeryfyLogin" name="login" time="5.362"/>
  <system-out/>
</testsuite> <!-- TestCases.VeryfyLogin -->
